<?xml version="1.0" encoding="UTF-8"?>
<testng-results skipped="0" failed="0" total="1" passed="1">
  <reporter-output>
  </reporter-output>
  <suite name="Default suite" duration-ms="127789" started-at="2015-11-26T15:20:10Z" finished-at="2015-11-26T15:22:18Z">
    <groups>
    </groups>
    <test name="Default test" duration-ms="127789" started-at="2015-11-26T15:20:10Z" finished-at="2015-11-26T15:22:18Z">
      <class name="com.saninco.maventest.mobileTest">
        <test-method status="PASS" signature="androidClubLogin()[pri:0, instance:com.saninco.maventest.mobileTest@6a5fc7f7]" name="androidClubLogin" duration-ms="127747" started-at="2015-11-26T10:20:10Z" finished-at="2015-11-26T10:22:18Z">
          <reporter-output>
          </reporter-output>
        </test-method> <!-- androidClubLogin -->
      </class> <!-- com.saninco.maventest.mobileTest -->
    </test> <!-- Default test -->
  </suite> <!-- Default suite -->
</testng-results>
