<?xml version="1.0" encoding="UTF-8"?>
<testng-results skipped="0" failed="0" total="1" passed="1">
  <reporter-output>
  </reporter-output>
  <suite name="Default suite" duration-ms="11726" started-at="2015-11-24T20:46:34Z" finished-at="2015-11-24T20:46:46Z">
    <groups>
    </groups>
    <test name="Default test" duration-ms="11726" started-at="2015-11-24T20:46:34Z" finished-at="2015-11-24T20:46:46Z">
      <class name="com.saninco.maventest.TestNGTest">
        <test-method status="PASS" signature="f()[pri:0, instance:com.saninco.maventest.TestNGTest@1e643faf]" name="f" duration-ms="11678" started-at="2015-11-24T15:46:34Z" finished-at="2015-11-24T15:46:46Z">
          <reporter-output>
          </reporter-output>
        </test-method> <!-- f -->
      </class> <!-- com.saninco.maventest.TestNGTest -->
    </test> <!-- Default test -->
  </suite> <!-- Default suite -->
</testng-results>
